0 info it worked if it ends with ok
1 verbose cli [ '/usr/bin/node',
1 verbose cli   '/home/binary/.node_modules/bin/npm',
1 verbose cli   'run',
1 verbose cli   'test',
1 verbose cli   '--',
1 verbose cli   '--watch' ]
2 info using npm@2.15.11
3 info using node@v7.10.0
4 verbose run-script [ 'pretest', 'test', 'posttest' ]
5 info pretest react-redux-base@1.0.0
6 info test react-redux-base@1.0.0
7 verbose unsafe-perm in lifecycle true
8 info react-redux-base@1.0.0 Failed to exec test script
9 verbose stack Error: react-redux-base@1.0.0 test: `mocha --compilers js:babel-core/register --require ./test/test_helper.js --recursive ./test "--watch"`
9 verbose stack Exit status 1
9 verbose stack     at EventEmitter.<anonymous> (/home/binary/.node_modules/lib/node_modules/npm/lib/utils/lifecycle.js:217:16)
9 verbose stack     at emitTwo (events.js:106:13)
9 verbose stack     at EventEmitter.emit (events.js:194:7)
9 verbose stack     at ChildProcess.<anonymous> (/home/binary/.node_modules/lib/node_modules/npm/lib/utils/spawn.js:24:14)
9 verbose stack     at emitTwo (events.js:106:13)
9 verbose stack     at ChildProcess.emit (events.js:194:7)
9 verbose stack     at maybeClose (internal/child_process.js:899:16)
9 verbose stack     at Process.ChildProcess._handle.onexit (internal/child_process.js:226:5)
10 verbose pkgid react-redux-base@1.0.0
11 verbose cwd /home/binary/Workspace/sunwaytechclub
12 error Linux 4.11.3-1-ARCH
13 error argv "/usr/bin/node" "/home/binary/.node_modules/bin/npm" "run" "test" "--" "--watch"
14 error node v7.10.0
15 error npm  v2.15.11
16 error code ELIFECYCLE
17 error react-redux-base@1.0.0 test: `mocha --compilers js:babel-core/register --require ./test/test_helper.js --recursive ./test "--watch"`
17 error Exit status 1
18 error Failed at the react-redux-base@1.0.0 test script 'mocha --compilers js:babel-core/register --require ./test/test_helper.js --recursive ./test "--watch"'.
18 error This is most likely a problem with the react-redux-base package,
18 error not with npm itself.
18 error Tell the author that this fails on your system:
18 error     mocha --compilers js:babel-core/register --require ./test/test_helper.js --recursive ./test "--watch"
18 error You can get information on how to open an issue for this project with:
18 error     npm bugs react-redux-base
18 error Or if that isn't available, you can get their info via:
18 error
18 error     npm owner ls react-redux-base
18 error There is likely additional logging output above.
19 verbose exit [ 1, true ]
